This file contains any messages produced by compilers while
running configure, to aid debugging if configure makes a mistake.

It was created by tprdp configure 1.0.0-beta, which was
generated by GNU Autoconf 2.69.  Invocation command line was

  $ ./configure --disable-credssp --disable-smartcard

## --------- ##
## Platform. ##
## --------- ##

hostname = Frosty
uname -m = x86_64
uname -r = 5.10.43.3-microsoft-standard-WSL2
uname -s = Linux
uname -v = #1 SMP Wed Jun 16 23:47:55 UTC 2021

/usr/bin/uname -p = x86_64
/bin/uname -X     = unknown

/bin/arch              = x86_64
/usr/bin/arch -k       = unknown
/usr/convex/getsysinfo = unknown
/usr/bin/hostinfo      = unknown
/bin/machine           = unknown
/usr/bin/oslevel       = unknown
/bin/universe          = unknown

PATH: /usr/local/sbin
PATH: /usr/local/bin
PATH: /usr/sbin
PATH: /usr/bin
PATH: /sbin
PATH: /bin
PATH: /usr/games
PATH: /usr/local/games
PATH: /usr/lib/wsl/lib
PATH: /mnt/c/Windows/system32
PATH: /mnt/c/Windows
PATH: /mnt/c/Windows/System32/Wbem
PATH: /mnt/c/Windows/System32/WindowsPowerShell/v1.0/
PATH: /mnt/c/Windows/System32/OpenSSH/
PATH: /mnt/c/Program Files/NVIDIA Corporation/NVIDIA NvDLISR
PATH: /mnt/c/Program Files (x86)/NVIDIA Corporation/PhysX/Common
PATH: /mnt/c/WINDOWS/system32
PATH: /mnt/c/WINDOWS
PATH: /mnt/c/WINDOWS/System32/Wbem
PATH: /mnt/c/WINDOWS/System32/WindowsPowerShell/v1.0/
PATH: /mnt/c/WINDOWS/System32/OpenSSH/
PATH: /mnt/c/Program Files/dotnet/
PATH: /mnt/d/CR_DEV/depot_tools
PATH: /mnt/c/Users/kmlab/AppData/Local/Microsoft/WindowsApps
PATH: /mnt/c/Users/kmlab/AppData/Local/GitHubDesktop/bin
PATH: /mnt/c/Users/kmlab/.dotnet/tools
PATH: /snap/bin


## ----------- ##
## Core tests. ##
## ----------- ##

configure:2449: checking build system type
configure:2463: result: x86_64-pc-linux-gnu
configure:2483: checking host system type
configure:2496: result: x86_64-pc-linux-gnu
configure:2565: checking for gcc
configure:2581: found /usr/bin/gcc
configure:2592: result: gcc
configure:2821: checking for C compiler version
configure:2830: gcc --version >&5
gcc (Ubuntu 9.3.0-17ubuntu1~20.04) 9.3.0
Copyright (C) 2019 Free Software Foundation, Inc.
This is free software; see the source for copying conditions.  There is NO
warranty; not even for MERCHANTABILITY or FITNESS FOR A PARTICULAR PURPOSE.

configure:2841: $? = 0
configure:2830: gcc -v >&5
Using built-in specs.
COLLECT_GCC=gcc
COLLECT_LTO_WRAPPER=/usr/lib/gcc/x86_64-linux-gnu/9/lto-wrapper
OFFLOAD_TARGET_NAMES=nvptx-none:hsa
OFFLOAD_TARGET_DEFAULT=1
Target: x86_64-linux-gnu
Configured with: ../src/configure -v --with-pkgversion='Ubuntu 9.3.0-17ubuntu1~20.04' --with-bugurl=file:///usr/share/doc/gcc-9/README.Bugs --enable-languages=c,ada,c++,go,brig,d,fortran,objc,obj-c++,gm2 --prefix=/usr --with-gcc-major-version-only --program-suffix=-9 --program-prefix=x86_64-linux-gnu- --enable-shared --enable-linker-build-id --libexecdir=/usr/lib --without-included-gettext --enable-threads=posix --libdir=/usr/lib --enable-nls --enable-clocale=gnu --enable-libstdcxx-debug --enable-libstdcxx-time=yes --with-default-libstdcxx-abi=new --enable-gnu-unique-object --disable-vtable-verify --enable-plugin --enable-default-pie --with-system-zlib --with-target-system-zlib=auto --enable-objc-gc=auto --enable-multiarch --disable-werror --with-arch-32=i686 --with-abi=m64 --with-multilib-list=m32,m64,mx32 --enable-multilib --with-tune=generic --enable-offload-targets=nvptx-none=/build/gcc-9-HskZEa/gcc-9-9.3.0/debian/tmp-nvptx/usr,hsa --without-cuda-driver --enable-checking=release --build=x86_64-linux-gnu --host=x86_64-linux-gnu --target=x86_64-linux-gnu
Thread model: posix
gcc version 9.3.0 (Ubuntu 9.3.0-17ubuntu1~20.04) 
configure:2841: $? = 0
configure:2830: gcc -V >&5
gcc: error: unrecognized command line option '-V'
gcc: fatal error: no input files
compilation terminated.
configure:2841: $? = 1
configure:2830: gcc -qversion >&5
gcc: error: unrecognized command line option '-qversion'; did you mean '--version'?
gcc: fatal error: no input files
compilation terminated.
configure:2841: $? = 1
configure:2861: checking whether the C compiler works
configure:2883: gcc    conftest.c  >&5
configure:2887: $? = 0
configure:2935: result: yes
configure:2938: checking for C compiler default output file name
configure:2940: result: a.out
configure:2946: checking for suffix of executables
configure:2953: gcc -o conftest    conftest.c  >&5
configure:2957: $? = 0
configure:2979: result: 
configure:3001: checking whether we are cross compiling
configure:3009: gcc -o conftest    conftest.c  >&5
configure:3013: $? = 0
configure:3020: ./conftest
configure:3024: $? = 0
configure:3012: result: no
configure:3017: checking for suffix of object files
configure:3039: gcc -c   conftest.c >&5
configure:3043: $? = 0
configure:3064: result: o
configure:3068: checking whether we are using the GNU C compiler
configure:3087: gcc -c   conftest.c >&5
configure:3087: $? = 0
configure:3096: result: yes
configure:3105: checking whether gcc accepts -g
configure:3125: gcc -c -g  conftest.c >&5
configure:3125: $? = 0
configure:3166: result: yes
configure:3183: checking for gcc option to accept ISO C89
configure:3246: gcc  -c -g -O2  conftest.c >&5
configure:3246: $? = 0
configure:3259: result: none needed
configure:3297: checking for a BSD-compatible install
configure:3365: result: /usr/bin/install -c
configure:3388: checking how to run the C preprocessor
configure:3419: gcc -E  conftest.c
configure:3419: $? = 0
configure:3433: gcc -E  conftest.c
conftest.c:9:10: fatal error: ac_nonexistent.h: No such file or directory
    9 | #include <ac_nonexistent.h>
      |          ^~~~~~~~~~~~~~~~~~
compilation terminated.
configure:3433: $? = 1
configure: failed program was:
| /* confdefs.h */
| #define PACKAGE_NAME "tprdp"
| #define PACKAGE_TARNAME "tprdp"
| #define PACKAGE_VERSION "1.0.0-beta"
| #define PACKAGE_STRING "tprdp 1.0.0-beta"
| #define PACKAGE_BUGREPORT ""
| #define PACKAGE_URL ""
| /* end confdefs.h.  */
| #include <ac_nonexistent.h>
configure:3458: result: gcc -E
configure:3478: gcc -E  conftest.c
configure:3478: $? = 0
configure:3492: gcc -E  conftest.c
conftest.c:9:10: fatal error: ac_nonexistent.h: No such file or directory
    9 | #include <ac_nonexistent.h>
      |          ^~~~~~~~~~~~~~~~~~
compilation terminated.
configure:3492: $? = 1
configure: failed program was:
| /* confdefs.h */
| #define PACKAGE_NAME "tprdp"
| #define PACKAGE_TARNAME "tprdp"
| #define PACKAGE_VERSION "1.0.0-beta"
| #define PACKAGE_STRING "tprdp 1.0.0-beta"
| #define PACKAGE_BUGREPORT ""
| #define PACKAGE_URL ""
| /* end confdefs.h.  */
| #include <ac_nonexistent.h>
configure:3521: checking for grep that handles long lines and -e
configure:3579: result: /usr/bin/grep
configure:3584: checking for egrep
configure:3646: result: /usr/bin/grep -E
configure:3651: checking for ANSI C header files
configure:3671: gcc -c -g -O2 -w -Wall -Wextra  conftest.c >&5
configure:3671: $? = 0
configure:3744: gcc -o conftest -g -O2 -w -Wall -Wextra   conftest.c  >&5
configure:3744: $? = 0
configure:3744: ./conftest
configure:3744: $? = 0
configure:3755: result: yes
configure:3768: checking for sys/types.h
configure:3768: gcc -c -g -O2 -w -Wall -Wextra  conftest.c >&5
configure:3768: $? = 0
configure:3768: result: yes
configure:3768: checking for sys/stat.h
configure:3768: gcc -c -g -O2 -w -Wall -Wextra  conftest.c >&5
configure:3768: $? = 0
configure:3768: result: yes
configure:3768: checking for stdlib.h
configure:3768: gcc -c -g -O2 -w -Wall -Wextra  conftest.c >&5
configure:3768: $? = 0
configure:3768: result: yes
configure:3768: checking for string.h
configure:3768: gcc -c -g -O2 -w -Wall -Wextra  conftest.c >&5
configure:3768: $? = 0
configure:3768: result: yes
configure:3768: checking for memory.h
configure:3768: gcc -c -g -O2 -w -Wall -Wextra  conftest.c >&5
configure:3768: $? = 0
configure:3768: result: yes
configure:3768: checking for strings.h
configure:3768: gcc -c -g -O2 -w -Wall -Wextra  conftest.c >&5
configure:3768: $? = 0
configure:3768: result: yes
configure:3768: checking for inttypes.h
configure:3768: gcc -c -g -O2 -w -Wall -Wextra  conftest.c >&5
configure:3768: $? = 0
configure:3768: result: yes
configure:3768: checking for stdint.h
configure:3768: gcc -c -g -O2 -w -Wall -Wextra  conftest.c >&5
configure:3768: $? = 0
configure:3768: result: yes
configure:3768: checking for unistd.h
configure:3768: gcc -c -g -O2 -w -Wall -Wextra  conftest.c >&5
configure:3768: $? = 0
configure:3768: result: yes
configure:3780: checking whether byte ordering is bigendian
configure:3795: gcc -c -g -O2 -w -Wall -Wextra  conftest.c >&5
conftest.c:20:9: error: unknown type name 'not'
   20 |         not a universal capable compiler
      |         ^~~
conftest.c:20:15: error: expected '=', ',', ';', 'asm' or '__attribute__' before 'universal'
   20 |         not a universal capable compiler
      |               ^~~~~~~~~
conftest.c:20:15: error: unknown type name 'universal'
configure:3795: $? = 1
configure: failed program was:
| /* confdefs.h */
| #define PACKAGE_NAME "tprdp"
| #define PACKAGE_TARNAME "tprdp"
| #define PACKAGE_VERSION "1.0.0-beta"
| #define PACKAGE_STRING "tprdp 1.0.0-beta"
| #define PACKAGE_BUGREPORT ""
| #define PACKAGE_URL ""
| #define STDC_HEADERS 1
| #define HAVE_SYS_TYPES_H 1
| #define HAVE_SYS_STAT_H 1
| #define HAVE_STDLIB_H 1
| #define HAVE_STRING_H 1
| #define HAVE_MEMORY_H 1
| #define HAVE_STRINGS_H 1
| #define HAVE_INTTYPES_H 1
| #define HAVE_STDINT_H 1
| #define HAVE_UNISTD_H 1
| /* end confdefs.h.  */
| #ifndef __APPLE_CC__
| 	       not a universal capable compiler
| 	     #endif
| 	     typedef int dummy;
| 
configure:3840: gcc -c -g -O2 -w -Wall -Wextra  conftest.c >&5
configure:3840: $? = 0
configure:3858: gcc -c -g -O2 -w -Wall -Wextra  conftest.c >&5
conftest.c: In function 'main':
conftest.c:26:4: error: unknown type name 'not'; did you mean 'ino_t'?
   26 |    not big endian
      |    ^~~
      |    ino_t
conftest.c:26:12: error: expected '=', ',', ';', 'asm' or '__attribute__' before 'endian'
   26 |    not big endian
      |            ^~~~~~
configure:3858: $? = 1
configure: failed program was:
| /* confdefs.h */
| #define PACKAGE_NAME "tprdp"
| #define PACKAGE_TARNAME "tprdp"
| #define PACKAGE_VERSION "1.0.0-beta"
| #define PACKAGE_STRING "tprdp 1.0.0-beta"
| #define PACKAGE_BUGREPORT ""
| #define PACKAGE_URL ""
| #define STDC_HEADERS 1
| #define HAVE_SYS_TYPES_H 1
| #define HAVE_SYS_STAT_H 1
| #define HAVE_STDLIB_H 1
| #define HAVE_STRING_H 1
| #define HAVE_MEMORY_H 1
| #define HAVE_STRINGS_H 1
| #define HAVE_INTTYPES_H 1
| #define HAVE_STDINT_H 1
| #define HAVE_UNISTD_H 1
| /* end confdefs.h.  */
| #include <sys/types.h>
| 		#include <sys/param.h>
| 
| int
| main ()
| {
| #if BYTE_ORDER != BIG_ENDIAN
| 		 not big endian
| 		#endif
| 
|   ;
|   return 0;
| }
configure:3986: result: no
configure:4005: checking for X
configure:4113: gcc -E  conftest.c
configure:4113: $? = 0
configure:4144: gcc -o conftest -g -O2 -w -Wall -Wextra   conftest.c -lX11  >&5
configure:4144: $? = 0
configure:4194: result: libraries , headers 
configure:4293: gcc -o conftest -g -O2 -w -Wall -Wextra   conftest.c   -lX11 >&5
configure:4293: $? = 0
configure:4391: checking for gethostbyname
configure:4391: gcc -o conftest -g -O2 -w -Wall -Wextra   conftest.c  >&5
configure:4391: $? = 0
configure:4391: result: yes
configure:4488: checking for connect
configure:4488: gcc -o conftest -g -O2 -w -Wall -Wextra   conftest.c  >&5
configure:4488: $? = 0
configure:4488: result: yes
configure:4537: checking for remove
configure:4537: gcc -o conftest -g -O2 -w -Wall -Wextra   conftest.c  >&5
configure:4537: $? = 0
configure:4537: result: yes
configure:4586: checking for shmat
configure:4586: gcc -o conftest -g -O2 -w -Wall -Wextra   conftest.c  >&5
configure:4586: $? = 0
configure:4586: result: yes
configure:4644: checking for IceConnectionNumber in -lICE
configure:4669: gcc -o conftest -g -O2 -w -Wall -Wextra   conftest.c -lICE   >&5
configure:4669: $? = 0
configure:4678: result: yes
configure:4747: checking for pkg-config
configure:4765: found /usr/bin/pkg-config
configure:4777: result: /usr/bin/pkg-config
configure:4801: checking for library containing __gmpz_init
configure:4832: gcc -o conftest -g -O2 -w -Wall -Wextra   conftest.c  >&5
/usr/bin/ld: /tmp/cc65ShdJ.o: in function `main':
/home/kmendell/thinpi/src/tprdp/conftest.c:31: undefined reference to `__gmpz_init'
collect2: error: ld returned 1 exit status
configure:4832: $? = 1
configure: failed program was:
| /* confdefs.h */
| #define PACKAGE_NAME "tprdp"
| #define PACKAGE_TARNAME "tprdp"
| #define PACKAGE_VERSION "1.0.0-beta"
| #define PACKAGE_STRING "tprdp 1.0.0-beta"
| #define PACKAGE_BUGREPORT ""
| #define PACKAGE_URL ""
| #define STDC_HEADERS 1
| #define HAVE_SYS_TYPES_H 1
| #define HAVE_SYS_STAT_H 1
| #define HAVE_STDLIB_H 1
| #define HAVE_STRING_H 1
| #define HAVE_MEMORY_H 1
| #define HAVE_STRINGS_H 1
| #define HAVE_INTTYPES_H 1
| #define HAVE_STDINT_H 1
| #define HAVE_UNISTD_H 1
| #define L_ENDIAN 1
| /* end confdefs.h.  */
| 
| /* Override any GCC internal prototype to avoid an error.
|    Use char because int might match the return type of a GCC
|    builtin and then its argument prototype would still apply.  */
| #ifdef __cplusplus
| extern "C"
| #endif
| char __gmpz_init ();
| int
| main ()
| {
| return __gmpz_init ();
|   ;
|   return 0;
| }
configure:4832: gcc -o conftest -g -O2 -w -Wall -Wextra   conftest.c -lgmp   >&5
configure:4832: $? = 0
configure:4849: result: -lgmp
configure:4858: checking for library containing socket
configure:4889: gcc -o conftest -g -O2 -w -Wall -Wextra   conftest.c -lgmp  >&5
configure:4889: $? = 0
configure:4906: result: none required
configure:4914: checking for library containing inet_aton
configure:4945: gcc -o conftest -g -O2 -w -Wall -Wextra   conftest.c -lgmp  >&5
configure:4945: $? = 0
configure:4962: result: none required
configure:4971: checking sys/select.h usability
configure:4971: gcc -c -g -O2 -w -Wall -Wextra  conftest.c >&5
configure:4971: $? = 0
configure:4971: result: yes
configure:4971: checking sys/select.h presence
configure:4971: gcc -E  conftest.c
configure:4971: $? = 0
configure:4971: result: yes
configure:4971: checking for sys/select.h
configure:4971: result: yes
configure:4978: checking sys/modem.h usability
configure:4978: gcc -c -g -O2 -w -Wall -Wextra  conftest.c >&5
conftest.c:54:10: fatal error: sys/modem.h: No such file or directory
   54 | #include <sys/modem.h>
      |          ^~~~~~~~~~~~~
compilation terminated.
configure:4978: $? = 1
configure: failed program was:
| /* confdefs.h */
| #define PACKAGE_NAME "tprdp"
| #define PACKAGE_TARNAME "tprdp"
| #define PACKAGE_VERSION "1.0.0-beta"
| #define PACKAGE_STRING "tprdp 1.0.0-beta"
| #define PACKAGE_BUGREPORT ""
| #define PACKAGE_URL ""
| #define STDC_HEADERS 1
| #define HAVE_SYS_TYPES_H 1
| #define HAVE_SYS_STAT_H 1
| #define HAVE_STDLIB_H 1
| #define HAVE_STRING_H 1
| #define HAVE_MEMORY_H 1
| #define HAVE_STRINGS_H 1
| #define HAVE_INTTYPES_H 1
| #define HAVE_STDINT_H 1
| #define HAVE_UNISTD_H 1
| #define L_ENDIAN 1
| #define HAVE_SYS_SELECT_H 1
| /* end confdefs.h.  */
| #include <stdio.h>
| #ifdef HAVE_SYS_TYPES_H
| # include <sys/types.h>
| #endif
| #ifdef HAVE_SYS_STAT_H
| # include <sys/stat.h>
| #endif
| #ifdef STDC_HEADERS
| # include <stdlib.h>
| # include <stddef.h>
| #else
| # ifdef HAVE_STDLIB_H
| #  include <stdlib.h>
| # endif
| #endif
| #ifdef HAVE_STRING_H
| # if !defined STDC_HEADERS && defined HAVE_MEMORY_H
| #  include <memory.h>
| # endif
| # include <string.h>
| #endif
| #ifdef HAVE_STRINGS_H
| # include <strings.h>
| #endif
| #ifdef HAVE_INTTYPES_H
| # include <inttypes.h>
| #endif
| #ifdef HAVE_STDINT_H
| # include <stdint.h>
| #endif
| #ifdef HAVE_UNISTD_H
| # include <unistd.h>
| #endif
| #include <sys/modem.h>
configure:4978: result: no
configure:4978: checking sys/modem.h presence
configure:4978: gcc -E  conftest.c
conftest.c:21:10: fatal error: sys/modem.h: No such file or directory
   21 | #include <sys/modem.h>
      |          ^~~~~~~~~~~~~
compilation terminated.
configure:4978: $? = 1
configure: failed program was:
| /* confdefs.h */
| #define PACKAGE_NAME "tprdp"
| #define PACKAGE_TARNAME "tprdp"
| #define PACKAGE_VERSION "1.0.0-beta"
| #define PACKAGE_STRING "tprdp 1.0.0-beta"
| #define PACKAGE_BUGREPORT ""
| #define PACKAGE_URL ""
| #define STDC_HEADERS 1
| #define HAVE_SYS_TYPES_H 1
| #define HAVE_SYS_STAT_H 1
| #define HAVE_STDLIB_H 1
| #define HAVE_STRING_H 1
| #define HAVE_MEMORY_H 1
| #define HAVE_STRINGS_H 1
| #define HAVE_INTTYPES_H 1
| #define HAVE_STDINT_H 1
| #define HAVE_UNISTD_H 1
| #define L_ENDIAN 1
| #define HAVE_SYS_SELECT_H 1
| /* end confdefs.h.  */
| #include <sys/modem.h>
configure:4978: result: no
configure:4978: checking for sys/modem.h
configure:4978: result: no
configure:4985: checking sys/filio.h usability
configure:4985: gcc -c -g -O2 -w -Wall -Wextra  conftest.c >&5
conftest.c:54:10: fatal error: sys/filio.h: No such file or directory
   54 | #include <sys/filio.h>
      |          ^~~~~~~~~~~~~
compilation terminated.
configure:4985: $? = 1
configure: failed program was:
| /* confdefs.h */
| #define PACKAGE_NAME "tprdp"
| #define PACKAGE_TARNAME "tprdp"
| #define PACKAGE_VERSION "1.0.0-beta"
| #define PACKAGE_STRING "tprdp 1.0.0-beta"
| #define PACKAGE_BUGREPORT ""
| #define PACKAGE_URL ""
| #define STDC_HEADERS 1
| #define HAVE_SYS_TYPES_H 1
| #define HAVE_SYS_STAT_H 1
| #define HAVE_STDLIB_H 1
| #define HAVE_STRING_H 1
| #define HAVE_MEMORY_H 1
| #define HAVE_STRINGS_H 1
| #define HAVE_INTTYPES_H 1
| #define HAVE_STDINT_H 1
| #define HAVE_UNISTD_H 1
| #define L_ENDIAN 1
| #define HAVE_SYS_SELECT_H 1
| /* end confdefs.h.  */
| #include <stdio.h>
| #ifdef HAVE_SYS_TYPES_H
| # include <sys/types.h>
| #endif
| #ifdef HAVE_SYS_STAT_H
| # include <sys/stat.h>
| #endif
| #ifdef STDC_HEADERS
| # include <stdlib.h>
| # include <stddef.h>
| #else
| # ifdef HAVE_STDLIB_H
| #  include <stdlib.h>
| # endif
| #endif
| #ifdef HAVE_STRING_H
| # if !defined STDC_HEADERS && defined HAVE_MEMORY_H
| #  include <memory.h>
| # endif
| # include <string.h>
| #endif
| #ifdef HAVE_STRINGS_H
| # include <strings.h>
| #endif
| #ifdef HAVE_INTTYPES_H
| # include <inttypes.h>
| #endif
| #ifdef HAVE_STDINT_H
| # include <stdint.h>
| #endif
| #ifdef HAVE_UNISTD_H
| # include <unistd.h>
| #endif
| #include <sys/filio.h>
configure:4985: result: no
configure:4985: checking sys/filio.h presence
configure:4985: gcc -E  conftest.c
conftest.c:21:10: fatal error: sys/filio.h: No such file or directory
   21 | #include <sys/filio.h>
      |          ^~~~~~~~~~~~~
compilation terminated.
configure:4985: $? = 1
configure: failed program was:
| /* confdefs.h */
| #define PACKAGE_NAME "tprdp"
| #define PACKAGE_TARNAME "tprdp"
| #define PACKAGE_VERSION "1.0.0-beta"
| #define PACKAGE_STRING "tprdp 1.0.0-beta"
| #define PACKAGE_BUGREPORT ""
| #define PACKAGE_URL ""
| #define STDC_HEADERS 1
| #define HAVE_SYS_TYPES_H 1
| #define HAVE_SYS_STAT_H 1
| #define HAVE_STDLIB_H 1
| #define HAVE_STRING_H 1
| #define HAVE_MEMORY_H 1
| #define HAVE_STRINGS_H 1
| #define HAVE_INTTYPES_H 1
| #define HAVE_STDINT_H 1
| #define HAVE_UNISTD_H 1
| #define L_ENDIAN 1
| #define HAVE_SYS_SELECT_H 1
| /* end confdefs.h.  */
| #include <sys/filio.h>
configure:4985: result: no
configure:4985: checking for sys/filio.h
configure:4985: result: no
configure:4992: checking sys/strtio.h usability
configure:4992: gcc -c -g -O2 -w -Wall -Wextra  conftest.c >&5
conftest.c:54:10: fatal error: sys/strtio.h: No such file or directory
   54 | #include <sys/strtio.h>
      |          ^~~~~~~~~~~~~~
compilation terminated.
configure:4992: $? = 1
configure: failed program was:
| /* confdefs.h */
| #define PACKAGE_NAME "tprdp"
| #define PACKAGE_TARNAME "tprdp"
| #define PACKAGE_VERSION "1.0.0-beta"
| #define PACKAGE_STRING "tprdp 1.0.0-beta"
| #define PACKAGE_BUGREPORT ""
| #define PACKAGE_URL ""
| #define STDC_HEADERS 1
| #define HAVE_SYS_TYPES_H 1
| #define HAVE_SYS_STAT_H 1
| #define HAVE_STDLIB_H 1
| #define HAVE_STRING_H 1
| #define HAVE_MEMORY_H 1
| #define HAVE_STRINGS_H 1
| #define HAVE_INTTYPES_H 1
| #define HAVE_STDINT_H 1
| #define HAVE_UNISTD_H 1
| #define L_ENDIAN 1
| #define HAVE_SYS_SELECT_H 1
| /* end confdefs.h.  */
| #include <stdio.h>
| #ifdef HAVE_SYS_TYPES_H
| # include <sys/types.h>
| #endif
| #ifdef HAVE_SYS_STAT_H
| # include <sys/stat.h>
| #endif
| #ifdef STDC_HEADERS
| # include <stdlib.h>
| # include <stddef.h>
| #else
| # ifdef HAVE_STDLIB_H
| #  include <stdlib.h>
| # endif
| #endif
| #ifdef HAVE_STRING_H
| # if !defined STDC_HEADERS && defined HAVE_MEMORY_H
| #  include <memory.h>
| # endif
| # include <string.h>
| #endif
| #ifdef HAVE_STRINGS_H
| # include <strings.h>
| #endif
| #ifdef HAVE_INTTYPES_H
| # include <inttypes.h>
| #endif
| #ifdef HAVE_STDINT_H
| # include <stdint.h>
| #endif
| #ifdef HAVE_UNISTD_H
| # include <unistd.h>
| #endif
| #include <sys/strtio.h>
configure:4992: result: no
configure:4992: checking sys/strtio.h presence
configure:4992: gcc -E  conftest.c
conftest.c:21:10: fatal error: sys/strtio.h: No such file or directory
   21 | #include <sys/strtio.h>
      |          ^~~~~~~~~~~~~~
compilation terminated.
configure:4992: $? = 1
configure: failed program was:
| /* confdefs.h */
| #define PACKAGE_NAME "tprdp"
| #define PACKAGE_TARNAME "tprdp"
| #define PACKAGE_VERSION "1.0.0-beta"
| #define PACKAGE_STRING "tprdp 1.0.0-beta"
| #define PACKAGE_BUGREPORT ""
| #define PACKAGE_URL ""
| #define STDC_HEADERS 1
| #define HAVE_SYS_TYPES_H 1
| #define HAVE_SYS_STAT_H 1
| #define HAVE_STDLIB_H 1
| #define HAVE_STRING_H 1
| #define HAVE_MEMORY_H 1
| #define HAVE_STRINGS_H 1
| #define HAVE_INTTYPES_H 1
| #define HAVE_STDINT_H 1
| #define HAVE_UNISTD_H 1
| #define L_ENDIAN 1
| #define HAVE_SYS_SELECT_H 1
| /* end confdefs.h.  */
| #include <sys/strtio.h>
configure:4992: result: no
configure:4992: checking for sys/strtio.h
configure:4992: result: no
configure:4999: checking locale.h usability
configure:4999: gcc -c -g -O2 -w -Wall -Wextra  conftest.c >&5
configure:4999: $? = 0
configure:4999: result: yes
configure:4999: checking locale.h presence
configure:4999: gcc -E  conftest.c
configure:4999: $? = 0
configure:4999: result: yes
configure:4999: checking for locale.h
configure:4999: result: yes
configure:5006: checking langinfo.h usability
configure:5006: gcc -c -g -O2 -w -Wall -Wextra  conftest.c >&5
configure:5006: $? = 0
configure:5006: result: yes
configure:5006: checking langinfo.h presence
configure:5006: gcc -E  conftest.c
configure:5006: $? = 0
configure:5006: result: yes
configure:5006: checking for langinfo.h
configure:5006: result: yes
configure:5013: checking sysexits.h usability
configure:5013: gcc -c -g -O2 -w -Wall -Wextra  conftest.c >&5
configure:5013: $? = 0
configure:5013: result: yes
configure:5013: checking sysexits.h presence
configure:5013: gcc -E  conftest.c
configure:5013: $? = 0
configure:5013: result: yes
configure:5013: checking for sysexits.h
configure:5013: result: yes
configure:5064: checking for strip
configure:5080: found /usr/bin/strip
configure:5091: result: strip
configure:5205: checking for pkg-config
configure:5235: result: /usr/bin/pkg-config
configure:5260: checking pkg-config is at least version 0.9.0
configure:5263: result: yes
configure:5469: checking for XRANDR
configure:5476: $PKG_CONFIG --exists --print-errors "xrandr"
configure:5479: $? = 0
configure:5493: $PKG_CONFIG --exists --print-errors "xrandr"
configure:5496: $? = 0
configure:5534: result: yes
configure:5550: checking for XCURSOR
configure:5557: $PKG_CONFIG --exists --print-errors "xcursor"
configure:5560: $? = 0
configure:5574: $PKG_CONFIG --exists --print-errors "xcursor"
configure:5577: $? = 0
configure:5615: result: yes
configure:5636: checking for LIBTASN1
configure:5643: $PKG_CONFIG --exists --print-errors "libtasn1"
configure:5646: $? = 0
configure:5660: $PKG_CONFIG --exists --print-errors "libtasn1"
configure:5663: $? = 0
configure:5701: result: yes
configure:5720: checking for NETTLE
configure:5727: $PKG_CONFIG --exists --print-errors "nettle"
configure:5730: $? = 0
configure:5744: $PKG_CONFIG --exists --print-errors "nettle"
configure:5747: $? = 0
configure:5785: result: yes
configure:5804: checking for HOGWEED
configure:5811: $PKG_CONFIG --exists --print-errors "hogweed"
configure:5814: $? = 0
configure:5828: $PKG_CONFIG --exists --print-errors "hogweed"
configure:5831: $? = 0
configure:5869: result: yes
configure:5889: checking for GNUTLS
configure:5896: $PKG_CONFIG --exists --print-errors "gnutls >= 3.2.0"
configure:5899: $? = 0
configure:5913: $PKG_CONFIG --exists --print-errors "gnutls >= 3.2.0"
configure:5916: $? = 0
configure:5954: result: yes
configure:6195: checking if architecture needs alignment
configure:6220: gcc -o conftest -g -O2 -w -Wall -Wextra      -I/usr/include/p11-kit-1   conftest.c -lgmp  -lXrandr -lXcursor -ltasn1 -lnettle -lhogweed -lgnutls >&5
configure:6220: $? = 0
configure:6220: ./conftest
configure:6220: $? = 0
configure:6221: result: no
configure:6267: checking sys/soundcard.h usability
configure:6267: gcc -c -g -O2 -w -Wall -Wextra      -I/usr/include/p11-kit-1  conftest.c >&5
configure:6267: $? = 0
configure:6267: result: yes
configure:6267: checking sys/soundcard.h presence
configure:6267: gcc -E  conftest.c
configure:6267: $? = 0
configure:6267: result: yes
configure:6267: checking for sys/soundcard.h
configure:6267: result: yes
configure:6275: checking dmedia/audio.h usability
configure:6275: gcc -c -g -O2 -w -Wall -Wextra      -I/usr/include/p11-kit-1  conftest.c >&5
conftest.c:60:10: fatal error: dmedia/audio.h: No such file or directory
   60 | #include <dmedia/audio.h>
      |          ^~~~~~~~~~~~~~~~
compilation terminated.
configure:6275: $? = 1
configure: failed program was:
| /* confdefs.h */
| #define PACKAGE_NAME "tprdp"
| #define PACKAGE_TARNAME "tprdp"
| #define PACKAGE_VERSION "1.0.0-beta"
| #define PACKAGE_STRING "tprdp 1.0.0-beta"
| #define PACKAGE_BUGREPORT ""
| #define PACKAGE_URL ""
| #define STDC_HEADERS 1
| #define HAVE_SYS_TYPES_H 1
| #define HAVE_SYS_STAT_H 1
| #define HAVE_STDLIB_H 1
| #define HAVE_STRING_H 1
| #define HAVE_MEMORY_H 1
| #define HAVE_STRINGS_H 1
| #define HAVE_INTTYPES_H 1
| #define HAVE_STDINT_H 1
| #define HAVE_UNISTD_H 1
| #define L_ENDIAN 1
| #define HAVE_SYS_SELECT_H 1
| #define HAVE_LOCALE_H 1
| #define HAVE_LANGINFO_H 1
| #define HAVE_SYSEXITS_H 1
| #define HAVE_XRANDR 1
| #define HAVE_XCURSOR 1
| #define EGD_SOCKET "/var/run/egd-pool"
| /* end confdefs.h.  */
| #include <stdio.h>
| #ifdef HAVE_SYS_TYPES_H
| # include <sys/types.h>
| #endif
| #ifdef HAVE_SYS_STAT_H
| # include <sys/stat.h>
| #endif
| #ifdef STDC_HEADERS
| # include <stdlib.h>
| # include <stddef.h>
| #else
| # ifdef HAVE_STDLIB_H
| #  include <stdlib.h>
| # endif
| #endif
| #ifdef HAVE_STRING_H
| # if !defined STDC_HEADERS && defined HAVE_MEMORY_H
| #  include <memory.h>
| # endif
| # include <string.h>
| #endif
| #ifdef HAVE_STRINGS_H
| # include <strings.h>
| #endif
| #ifdef HAVE_INTTYPES_H
| # include <inttypes.h>
| #endif
| #ifdef HAVE_STDINT_H
| # include <stdint.h>
| #endif
| #ifdef HAVE_UNISTD_H
| # include <unistd.h>
| #endif
| #include <dmedia/audio.h>
configure:6275: result: no
configure:6275: checking dmedia/audio.h presence
configure:6275: gcc -E  conftest.c
conftest.c:27:10: fatal error: dmedia/audio.h: No such file or directory
   27 | #include <dmedia/audio.h>
      |          ^~~~~~~~~~~~~~~~
compilation terminated.
configure:6275: $? = 1
configure: failed program was:
| /* confdefs.h */
| #define PACKAGE_NAME "tprdp"
| #define PACKAGE_TARNAME "tprdp"
| #define PACKAGE_VERSION "1.0.0-beta"
| #define PACKAGE_STRING "tprdp 1.0.0-beta"
| #define PACKAGE_BUGREPORT ""
| #define PACKAGE_URL ""
| #define STDC_HEADERS 1
| #define HAVE_SYS_TYPES_H 1
| #define HAVE_SYS_STAT_H 1
| #define HAVE_STDLIB_H 1
| #define HAVE_STRING_H 1
| #define HAVE_MEMORY_H 1
| #define HAVE_STRINGS_H 1
| #define HAVE_INTTYPES_H 1
| #define HAVE_STDINT_H 1
| #define HAVE_UNISTD_H 1
| #define L_ENDIAN 1
| #define HAVE_SYS_SELECT_H 1
| #define HAVE_LOCALE_H 1
| #define HAVE_LANGINFO_H 1
| #define HAVE_SYSEXITS_H 1
| #define HAVE_XRANDR 1
| #define HAVE_XCURSOR 1
| #define EGD_SOCKET "/var/run/egd-pool"
| /* end confdefs.h.  */
| #include <dmedia/audio.h>
configure:6275: result: no
configure:6275: checking for dmedia/audio.h
configure:6275: result: no
configure:6283: checking sys/audioio.h usability
configure:6283: gcc -c -g -O2 -w -Wall -Wextra      -I/usr/include/p11-kit-1  conftest.c >&5
conftest.c:60:10: fatal error: sys/audioio.h: No such file or directory
   60 | #include <sys/audioio.h>
      |          ^~~~~~~~~~~~~~~
compilation terminated.
configure:6283: $? = 1
configure: failed program was:
| /* confdefs.h */
| #define PACKAGE_NAME "tprdp"
| #define PACKAGE_TARNAME "tprdp"
| #define PACKAGE_VERSION "1.0.0-beta"
| #define PACKAGE_STRING "tprdp 1.0.0-beta"
| #define PACKAGE_BUGREPORT ""
| #define PACKAGE_URL ""
| #define STDC_HEADERS 1
| #define HAVE_SYS_TYPES_H 1
| #define HAVE_SYS_STAT_H 1
| #define HAVE_STDLIB_H 1
| #define HAVE_STRING_H 1
| #define HAVE_MEMORY_H 1
| #define HAVE_STRINGS_H 1
| #define HAVE_INTTYPES_H 1
| #define HAVE_STDINT_H 1
| #define HAVE_UNISTD_H 1
| #define L_ENDIAN 1
| #define HAVE_SYS_SELECT_H 1
| #define HAVE_LOCALE_H 1
| #define HAVE_LANGINFO_H 1
| #define HAVE_SYSEXITS_H 1
| #define HAVE_XRANDR 1
| #define HAVE_XCURSOR 1
| #define EGD_SOCKET "/var/run/egd-pool"
| /* end confdefs.h.  */
| #include <stdio.h>
| #ifdef HAVE_SYS_TYPES_H
| # include <sys/types.h>
| #endif
| #ifdef HAVE_SYS_STAT_H
| # include <sys/stat.h>
| #endif
| #ifdef STDC_HEADERS
| # include <stdlib.h>
| # include <stddef.h>
| #else
| # ifdef HAVE_STDLIB_H
| #  include <stdlib.h>
| # endif
| #endif
| #ifdef HAVE_STRING_H
| # if !defined STDC_HEADERS && defined HAVE_MEMORY_H
| #  include <memory.h>
| # endif
| # include <string.h>
| #endif
| #ifdef HAVE_STRINGS_H
| # include <strings.h>
| #endif
| #ifdef HAVE_INTTYPES_H
| # include <inttypes.h>
| #endif
| #ifdef HAVE_STDINT_H
| # include <stdint.h>
| #endif
| #ifdef HAVE_UNISTD_H
| # include <unistd.h>
| #endif
| #include <sys/audioio.h>
configure:6283: result: no
configure:6283: checking sys/audioio.h presence
configure:6283: gcc -E  conftest.c
conftest.c:27:10: fatal error: sys/audioio.h: No such file or directory
   27 | #include <sys/audioio.h>
      |          ^~~~~~~~~~~~~~~
compilation terminated.
configure:6283: $? = 1
configure: failed program was:
| /* confdefs.h */
| #define PACKAGE_NAME "tprdp"
| #define PACKAGE_TARNAME "tprdp"
| #define PACKAGE_VERSION "1.0.0-beta"
| #define PACKAGE_STRING "tprdp 1.0.0-beta"
| #define PACKAGE_BUGREPORT ""
| #define PACKAGE_URL ""
| #define STDC_HEADERS 1
| #define HAVE_SYS_TYPES_H 1
| #define HAVE_SYS_STAT_H 1
| #define HAVE_STDLIB_H 1
| #define HAVE_STRING_H 1
| #define HAVE_MEMORY_H 1
| #define HAVE_STRINGS_H 1
| #define HAVE_INTTYPES_H 1
| #define HAVE_STDINT_H 1
| #define HAVE_UNISTD_H 1
| #define L_ENDIAN 1
| #define HAVE_SYS_SELECT_H 1
| #define HAVE_LOCALE_H 1
| #define HAVE_LANGINFO_H 1
| #define HAVE_SYSEXITS_H 1
| #define HAVE_XRANDR 1
| #define HAVE_XCURSOR 1
| #define EGD_SOCKET "/var/run/egd-pool"
| /* end confdefs.h.  */
| #include <sys/audioio.h>
configure:6283: result: no
configure:6283: checking for sys/audioio.h
configure:6283: result: no
configure:6303: checking for LIBAO
configure:6310: $PKG_CONFIG --exists --print-errors "ao"
Package ao was not found in the pkg-config search path.
Perhaps you should add the directory containing `ao.pc'
to the PKG_CONFIG_PATH environment variable
No package 'ao' found
configure:6313: $? = 1
configure:6327: $PKG_CONFIG --exists --print-errors "ao"
Package ao was not found in the pkg-config search path.
Perhaps you should add the directory containing `ao.pc'
to the PKG_CONFIG_PATH environment variable
No package 'ao' found
configure:6330: $? = 1
configure:6344: result: no
No package 'ao' found
configure:6374: checking for PULSE
configure:6381: $PKG_CONFIG --exists --print-errors "libpulse"
configure:6384: $? = 0
configure:6398: $PKG_CONFIG --exists --print-errors "libpulse"
configure:6401: $? = 0
configure:6439: result: yes
configure:6445: checking for ALSA
configure:6452: $PKG_CONFIG --exists --print-errors "alsa"
configure:6455: $? = 0
configure:6469: $PKG_CONFIG --exists --print-errors "alsa"
configure:6472: $? = 0
configure:6510: result: yes
configure:6516: checking for LIBSAMPLERATE
configure:6523: $PKG_CONFIG --exists --print-errors "samplerate"
Package samplerate was not found in the pkg-config search path.
Perhaps you should add the directory containing `samplerate.pc'
to the PKG_CONFIG_PATH environment variable
No package 'samplerate' found
configure:6526: $? = 1
configure:6540: $PKG_CONFIG --exists --print-errors "samplerate"
Package samplerate was not found in the pkg-config search path.
Perhaps you should add the directory containing `samplerate.pc'
to the PKG_CONFIG_PATH environment variable
No package 'samplerate' found
configure:6543: $? = 1
configure:6557: result: no
No package 'samplerate' found
configure:6742: checking for dirent.h that defines DIR
configure:6761: gcc -c -g -O2 -w -Wall -Wextra      -I/usr/include/p11-kit-1   -D_REENTRANT  conftest.c >&5
configure:6761: $? = 0
configure:6769: result: yes
configure:6782: checking for library containing opendir
configure:6813: gcc -o conftest -g -O2 -w -Wall -Wextra      -I/usr/include/p11-kit-1   -D_REENTRANT   conftest.c -lgmp  -lXrandr -lXcursor -ltasn1 -lnettle -lhogweed -lgnutls  -lasound -lpulse >&5
configure:6813: $? = 0
configure:6830: result: none required
configure:6915: checking for dirfd
configure:6915: gcc -o conftest -g -O2 -w -Wall -Wextra      -I/usr/include/p11-kit-1   -D_REENTRANT   conftest.c -lgmp  -lXrandr -lXcursor -ltasn1 -lnettle -lhogweed -lgnutls  -lasound -lpulse >&5
configure:6915: $? = 0
configure:6915: result: yes
configure:6924: checking whether dirfd is declared
configure:6924: gcc -c -g -O2 -w -Wall -Wextra      -I/usr/include/p11-kit-1   -D_REENTRANT  conftest.c >&5
configure:6924: $? = 0
configure:6924: result: yes
configure:6937: checking whether dirfd is a macro
configure:6958: result: no
configure:7048: checking iconv.h usability
configure:7048: gcc -c -g -O2 -w -Wall -Wextra      -I/usr/include/p11-kit-1   -D_REENTRANT  conftest.c >&5
configure:7048: $? = 0
configure:7048: result: yes
configure:7048: checking iconv.h presence
configure:7048: gcc -E  conftest.c
configure:7048: $? = 0
configure:7048: result: yes
configure:7048: checking for iconv.h
configure:7048: result: yes
configure:7056: checking for iconv
configure:7078: gcc -o conftest -g -O2 -w -Wall -Wextra      -I/usr/include/p11-kit-1   -D_REENTRANT   conftest.c -lgmp  -lXrandr -lXcursor -ltasn1 -lnettle -lhogweed -lgnutls  -lasound -lpulse >&5
configure:7078: $? = 0
configure:7110: result: yes
configure:7116: checking for iconv declaration
configure:7145: gcc -c -g -O2 -w -Wall -Wextra      -I/usr/include/p11-kit-1   -D_REENTRANT  conftest.c >&5
configure:7145: $? = 0
configure:7156: result: 
         extern size_t iconv (iconv_t cd, char * *inbuf, size_t *inbytesleft, char * *outbuf, size_t *outbytesleft);
configure:7180: checking for socklen_t
configure:7180: gcc -c -g -O2 -w -Wall -Wextra      -I/usr/include/p11-kit-1   -D_REENTRANT  conftest.c >&5
configure:7180: $? = 0
configure:7180: gcc -c -g -O2 -w -Wall -Wextra      -I/usr/include/p11-kit-1   -D_REENTRANT  conftest.c >&5
conftest.c: In function 'main':
conftest.c:43:24: error: expected expression before ')' token
   43 | if (sizeof ((socklen_t)))
      |                        ^
configure:7180: $? = 1
configure: failed program was:
| /* confdefs.h */
| #define PACKAGE_NAME "tprdp"
| #define PACKAGE_TARNAME "tprdp"
| #define PACKAGE_VERSION "1.0.0-beta"
| #define PACKAGE_STRING "tprdp 1.0.0-beta"
| #define PACKAGE_BUGREPORT ""
| #define PACKAGE_URL ""
| #define STDC_HEADERS 1
| #define HAVE_SYS_TYPES_H 1
| #define HAVE_SYS_STAT_H 1
| #define HAVE_STDLIB_H 1
| #define HAVE_STRING_H 1
| #define HAVE_MEMORY_H 1
| #define HAVE_STRINGS_H 1
| #define HAVE_INTTYPES_H 1
| #define HAVE_STDINT_H 1
| #define HAVE_UNISTD_H 1
| #define L_ENDIAN 1
| #define HAVE_SYS_SELECT_H 1
| #define HAVE_LOCALE_H 1
| #define HAVE_LANGINFO_H 1
| #define HAVE_SYSEXITS_H 1
| #define HAVE_XRANDR 1
| #define HAVE_XCURSOR 1
| #define EGD_SOCKET "/var/run/egd-pool"
| #define WITH_RDPSND 1
| #define RDPSND_OSS 1
| #define RDPSND_ALSA 1
| #define RDPSND_PULSE 1
| #define HAVE_DIRENT_H 1
| #define HAVE_DIRFD 1
| #define HAVE_DECL_DIRFD 1
| #define HAVE_ICONV_H 1
| #define HAVE_ICONV 1
| #define ICONV_CONST 
| /* end confdefs.h.  */
| #include <sys/types.h>
| #include <sys/socket.h>
| 
| int
| main ()
| {
| if (sizeof ((socklen_t)))
| 	    return 0;
|   ;
|   return 0;
| }
configure:7180: result: yes
configure:7249: checking sys/vfs.h usability
configure:7249: gcc -c -g -O2 -w -Wall -Wextra      -I/usr/include/p11-kit-1   -D_REENTRANT  conftest.c >&5
configure:7249: $? = 0
configure:7249: result: yes
configure:7249: checking sys/vfs.h presence
configure:7249: gcc -E  conftest.c
configure:7249: $? = 0
configure:7249: result: yes
configure:7249: checking for sys/vfs.h
configure:7249: result: yes
configure:7261: checking sys/statvfs.h usability
configure:7261: gcc -c -g -O2 -w -Wall -Wextra      -I/usr/include/p11-kit-1   -D_REENTRANT  conftest.c >&5
configure:7261: $? = 0
configure:7261: result: yes
configure:7261: checking sys/statvfs.h presence
configure:7261: gcc -E  conftest.c
configure:7261: $? = 0
configure:7261: result: yes
configure:7261: checking for sys/statvfs.h
configure:7261: result: yes
configure:7273: checking sys/statfs.h usability
configure:7273: gcc -c -g -O2 -w -Wall -Wextra      -I/usr/include/p11-kit-1   -D_REENTRANT  conftest.c >&5
configure:7273: $? = 0
configure:7273: result: yes
configure:7273: checking sys/statfs.h presence
configure:7273: gcc -E  conftest.c
configure:7273: $? = 0
configure:7273: result: yes
configure:7273: checking for sys/statfs.h
configure:7273: result: yes
configure:7285: checking sys/param.h usability
configure:7285: gcc -c -g -O2 -w -Wall -Wextra      -I/usr/include/p11-kit-1   -D_REENTRANT  conftest.c >&5
configure:7285: $? = 0
configure:7285: result: yes
configure:7285: checking sys/param.h presence
configure:7285: gcc -E  conftest.c
configure:7285: $? = 0
configure:7285: result: yes
configure:7285: checking for sys/param.h
configure:7285: result: yes
configure:7305: checking for sys/mount.h
configure:7305: gcc -c -g -O2 -w -Wall -Wextra      -I/usr/include/p11-kit-1   -D_REENTRANT  conftest.c >&5
configure:7305: $? = 0
configure:7305: result: yes
configure:7319: checking how to get filesystem space usage...
configure:7326: checking statvfs64 function (SVR4)
configure:7348: gcc -o conftest -g -O2 -w -Wall -Wextra      -I/usr/include/p11-kit-1   -D_REENTRANT   conftest.c -lgmp  -lXrandr -lXcursor -ltasn1 -lnettle -lhogweed -lgnutls  -lasound -lpulse  >&5
conftest.c: In function 'main':
conftest.c:50:22: error: storage size of 'fsd' isn't known
   50 |     struct statvfs64 fsd;
      |                      ^~~
configure:7348: $? = 1
configure: program exited with status 1
configure: failed program was:
| /* confdefs.h */
| #define PACKAGE_NAME "tprdp"
| #define PACKAGE_TARNAME "tprdp"
| #define PACKAGE_VERSION "1.0.0-beta"
| #define PACKAGE_STRING "tprdp 1.0.0-beta"
| #define PACKAGE_BUGREPORT ""
| #define PACKAGE_URL ""
| #define STDC_HEADERS 1
| #define HAVE_SYS_TYPES_H 1
| #define HAVE_SYS_STAT_H 1
| #define HAVE_STDLIB_H 1
| #define HAVE_STRING_H 1
| #define HAVE_MEMORY_H 1
| #define HAVE_STRINGS_H 1
| #define HAVE_INTTYPES_H 1
| #define HAVE_STDINT_H 1
| #define HAVE_UNISTD_H 1
| #define L_ENDIAN 1
| #define HAVE_SYS_SELECT_H 1
| #define HAVE_LOCALE_H 1
| #define HAVE_LANGINFO_H 1
| #define HAVE_SYSEXITS_H 1
| #define HAVE_XRANDR 1
| #define HAVE_XCURSOR 1
| #define EGD_SOCKET "/var/run/egd-pool"
| #define WITH_RDPSND 1
| #define RDPSND_OSS 1
| #define RDPSND_ALSA 1
| #define RDPSND_PULSE 1
| #define HAVE_DIRENT_H 1
| #define HAVE_DIRFD 1
| #define HAVE_DECL_DIRFD 1
| #define HAVE_ICONV_H 1
| #define HAVE_ICONV 1
| #define ICONV_CONST 
| #define HAVE_SYS_VFS_H 1
| #define HAVE_SYS_STATVFS_H 1
| #define HAVE_SYS_STATFS_H 1
| #define HAVE_SYS_PARAM_H 1
| #define HAVE_SYS_MOUNT_H 1
| /* end confdefs.h.  */
| 
| #if defined(HAVE_UNISTD_H)
| #include <unistd.h>
| #endif
| #include <sys/types.h>
| #include <sys/statvfs.h>
|   main ()
|   {
|     struct statvfs64 fsd;
|     exit (statvfs64 (".", &fsd));
|   }
configure:7358: result: no
configure:7376: checking statvfs function (SVR4)
configure:7393: gcc -o conftest -g -O2 -w -Wall -Wextra      -I/usr/include/p11-kit-1   -D_REENTRANT   conftest.c -lgmp  -lXrandr -lXcursor -ltasn1 -lnettle -lhogweed -lgnutls  -lasound -lpulse  >&5
configure:7393: $? = 0
configure:7401: result: yes
configure:7667: checking for struct statfs.f_namemax
configure:7667: gcc -c -g -O2 -w -Wall -Wextra      -I/usr/include/p11-kit-1   -D_REENTRANT  conftest.c >&5
conftest.c: In function 'main':
conftest.c:100:13: error: 'struct statfs' has no member named 'f_namemax'; did you mean 'f_namelen'?
  100 | if (ac_aggr.f_namemax)
      |             ^~~~~~~~~
      |             f_namelen
configure:7667: $? = 1
configure: failed program was:
| /* confdefs.h */
| #define PACKAGE_NAME "tprdp"
| #define PACKAGE_TARNAME "tprdp"
| #define PACKAGE_VERSION "1.0.0-beta"
| #define PACKAGE_STRING "tprdp 1.0.0-beta"
| #define PACKAGE_BUGREPORT ""
| #define PACKAGE_URL ""
| #define STDC_HEADERS 1
| #define HAVE_SYS_TYPES_H 1
| #define HAVE_SYS_STAT_H 1
| #define HAVE_STDLIB_H 1
| #define HAVE_STRING_H 1
| #define HAVE_MEMORY_H 1
| #define HAVE_STRINGS_H 1
| #define HAVE_INTTYPES_H 1
| #define HAVE_STDINT_H 1
| #define HAVE_UNISTD_H 1
| #define L_ENDIAN 1
| #define HAVE_SYS_SELECT_H 1
| #define HAVE_LOCALE_H 1
| #define HAVE_LANGINFO_H 1
| #define HAVE_SYSEXITS_H 1
| #define HAVE_XRANDR 1
| #define HAVE_XCURSOR 1
| #define EGD_SOCKET "/var/run/egd-pool"
| #define WITH_RDPSND 1
| #define RDPSND_OSS 1
| #define RDPSND_ALSA 1
| #define RDPSND_PULSE 1
| #define HAVE_DIRENT_H 1
| #define HAVE_DIRFD 1
| #define HAVE_DECL_DIRFD 1
| #define HAVE_ICONV_H 1
| #define HAVE_ICONV 1
| #define ICONV_CONST 
| #define HAVE_SYS_VFS_H 1
| #define HAVE_SYS_STATVFS_H 1
| #define HAVE_SYS_STATFS_H 1
| #define HAVE_SYS_PARAM_H 1
| #define HAVE_SYS_MOUNT_H 1
| #define STAT_STATVFS 1
| /* end confdefs.h.  */
| #include <stdio.h>
| #ifdef HAVE_SYS_TYPES_H
| # include <sys/types.h>
| #endif
| #ifdef HAVE_SYS_STAT_H
| # include <sys/stat.h>
| #endif
| #ifdef STDC_HEADERS
| # include <stdlib.h>
| # include <stddef.h>
| #else
| # ifdef HAVE_STDLIB_H
| #  include <stdlib.h>
| # endif
| #endif
| #ifdef HAVE_STRING_H
| # if !defined STDC_HEADERS && defined HAVE_MEMORY_H
| #  include <memory.h>
| # endif
| # include <string.h>
| #endif
| #ifdef HAVE_STRINGS_H
| # include <strings.h>
| #endif
| #ifdef HAVE_INTTYPES_H
| # include <inttypes.h>
| #endif
| #ifdef HAVE_STDINT_H
| # include <stdint.h>
| #endif
| #ifdef HAVE_UNISTD_H
| # include <unistd.h>
| #endif
| #if HAVE_SYS_STATVFS_H
| # include <sys/statvfs.h>
| #endif
| #if HAVE_SYS_VFS_H
| # include <sys/vfs.h>
| #endif
| #if !HAVE_SYS_STATVFS_H && !HAVE_SYS_VFS_H
| # if HAVE_SYS_MOUNT_H && HAVE_SYS_PARAM_H
| /* NetBSD 1.5.2 needs these, for the declaration of struct statfs. */
| #  include <sys/param.h>
| #  include <sys/mount.h>
| # elif HAVE_NETINET_IN_H && HAVE_NFS_NFS_CLNT_H && HAVE_NFS_VFS_H
| /* Ultrix 4.4 needs these for the declaration of struct statfs.  */
| #  include <netinet/in.h>
| #  include <nfs/nfs_clnt.h>
| #  include <nfs/vfs.h>
| # endif
| #endif
| 
| 
| int
| main ()
| {
| static struct statfs ac_aggr;
| if (ac_aggr.f_namemax)
| return 0;
|   ;
|   return 0;
| }
configure:7667: gcc -c -g -O2 -w -Wall -Wextra      -I/usr/include/p11-kit-1   -D_REENTRANT  conftest.c >&5
conftest.c: In function 'main':
conftest.c:100:20: error: 'struct statfs' has no member named 'f_namemax'; did you mean 'f_namelen'?
  100 | if (sizeof ac_aggr.f_namemax)
      |                    ^~~~~~~~~
      |                    f_namelen
configure:7667: $? = 1
configure: failed program was:
| /* confdefs.h */
| #define PACKAGE_NAME "tprdp"
| #define PACKAGE_TARNAME "tprdp"
| #define PACKAGE_VERSION "1.0.0-beta"
| #define PACKAGE_STRING "tprdp 1.0.0-beta"
| #define PACKAGE_BUGREPORT ""
| #define PACKAGE_URL ""
| #define STDC_HEADERS 1
| #define HAVE_SYS_TYPES_H 1
| #define HAVE_SYS_STAT_H 1
| #define HAVE_STDLIB_H 1
| #define HAVE_STRING_H 1
| #define HAVE_MEMORY_H 1
| #define HAVE_STRINGS_H 1
| #define HAVE_INTTYPES_H 1
| #define HAVE_STDINT_H 1
| #define HAVE_UNISTD_H 1
| #define L_ENDIAN 1
| #define HAVE_SYS_SELECT_H 1
| #define HAVE_LOCALE_H 1
| #define HAVE_LANGINFO_H 1
| #define HAVE_SYSEXITS_H 1
| #define HAVE_XRANDR 1
| #define HAVE_XCURSOR 1
| #define EGD_SOCKET "/var/run/egd-pool"
| #define WITH_RDPSND 1
| #define RDPSND_OSS 1
| #define RDPSND_ALSA 1
| #define RDPSND_PULSE 1
| #define HAVE_DIRENT_H 1
| #define HAVE_DIRFD 1
| #define HAVE_DECL_DIRFD 1
| #define HAVE_ICONV_H 1
| #define HAVE_ICONV 1
| #define ICONV_CONST 
| #define HAVE_SYS_VFS_H 1
| #define HAVE_SYS_STATVFS_H 1
| #define HAVE_SYS_STATFS_H 1
| #define HAVE_SYS_PARAM_H 1
| #define HAVE_SYS_MOUNT_H 1
| #define STAT_STATVFS 1
| /* end confdefs.h.  */
| #include <stdio.h>
| #ifdef HAVE_SYS_TYPES_H
| # include <sys/types.h>
| #endif
| #ifdef HAVE_SYS_STAT_H
| # include <sys/stat.h>
| #endif
| #ifdef STDC_HEADERS
| # include <stdlib.h>
| # include <stddef.h>
| #else
| # ifdef HAVE_STDLIB_H
| #  include <stdlib.h>
| # endif
| #endif
| #ifdef HAVE_STRING_H
| # if !defined STDC_HEADERS && defined HAVE_MEMORY_H
| #  include <memory.h>
| # endif
| # include <string.h>
| #endif
| #ifdef HAVE_STRINGS_H
| # include <strings.h>
| #endif
| #ifdef HAVE_INTTYPES_H
| # include <inttypes.h>
| #endif
| #ifdef HAVE_STDINT_H
| # include <stdint.h>
| #endif
| #ifdef HAVE_UNISTD_H
| # include <unistd.h>
| #endif
| #if HAVE_SYS_STATVFS_H
| # include <sys/statvfs.h>
| #endif
| #if HAVE_SYS_VFS_H
| # include <sys/vfs.h>
| #endif
| #if !HAVE_SYS_STATVFS_H && !HAVE_SYS_VFS_H
| # if HAVE_SYS_MOUNT_H && HAVE_SYS_PARAM_H
| /* NetBSD 1.5.2 needs these, for the declaration of struct statfs. */
| #  include <sys/param.h>
| #  include <sys/mount.h>
| # elif HAVE_NETINET_IN_H && HAVE_NFS_NFS_CLNT_H && HAVE_NFS_VFS_H
| /* Ultrix 4.4 needs these for the declaration of struct statfs.  */
| #  include <netinet/in.h>
| #  include <nfs/nfs_clnt.h>
| #  include <nfs/vfs.h>
| # endif
| #endif
| 
| 
| int
| main ()
| {
| static struct statfs ac_aggr;
| if (sizeof ac_aggr.f_namemax)
| return 0;
|   ;
|   return 0;
| }
configure:7667: result: no
configure:7678: checking for struct statvfs.f_namemax
configure:7678: gcc -c -g -O2 -w -Wall -Wextra      -I/usr/include/p11-kit-1   -D_REENTRANT  conftest.c >&5
configure:7678: $? = 0
configure:7678: result: yes
configure:7689: checking for struct statfs.f_namelen
configure:7689: gcc -c -g -O2 -w -Wall -Wextra      -I/usr/include/p11-kit-1   -D_REENTRANT  conftest.c >&5
configure:7689: $? = 0
configure:7689: result: yes
configure:7700: checking for struct statvfs.f_namelen
configure:7700: gcc -c -g -O2 -w -Wall -Wextra      -I/usr/include/p11-kit-1   -D_REENTRANT  conftest.c >&5
conftest.c: In function 'main':
conftest.c:102:13: error: 'struct statvfs' has no member named 'f_namelen'; did you mean 'f_namemax'?
  102 | if (ac_aggr.f_namelen)
      |             ^~~~~~~~~
      |             f_namemax
configure:7700: $? = 1
configure: failed program was:
| /* confdefs.h */
| #define PACKAGE_NAME "tprdp"
| #define PACKAGE_TARNAME "tprdp"
| #define PACKAGE_VERSION "1.0.0-beta"
| #define PACKAGE_STRING "tprdp 1.0.0-beta"
| #define PACKAGE_BUGREPORT ""
| #define PACKAGE_URL ""
| #define STDC_HEADERS 1
| #define HAVE_SYS_TYPES_H 1
| #define HAVE_SYS_STAT_H 1
| #define HAVE_STDLIB_H 1
| #define HAVE_STRING_H 1
| #define HAVE_MEMORY_H 1
| #define HAVE_STRINGS_H 1
| #define HAVE_INTTYPES_H 1
| #define HAVE_STDINT_H 1
| #define HAVE_UNISTD_H 1
| #define L_ENDIAN 1
| #define HAVE_SYS_SELECT_H 1
| #define HAVE_LOCALE_H 1
| #define HAVE_LANGINFO_H 1
| #define HAVE_SYSEXITS_H 1
| #define HAVE_XRANDR 1
| #define HAVE_XCURSOR 1
| #define EGD_SOCKET "/var/run/egd-pool"
| #define WITH_RDPSND 1
| #define RDPSND_OSS 1
| #define RDPSND_ALSA 1
| #define RDPSND_PULSE 1
| #define HAVE_DIRENT_H 1
| #define HAVE_DIRFD 1
| #define HAVE_DECL_DIRFD 1
| #define HAVE_ICONV_H 1
| #define HAVE_ICONV 1
| #define ICONV_CONST 
| #define HAVE_SYS_VFS_H 1
| #define HAVE_SYS_STATVFS_H 1
| #define HAVE_SYS_STATFS_H 1
| #define HAVE_SYS_PARAM_H 1
| #define HAVE_SYS_MOUNT_H 1
| #define STAT_STATVFS 1
| #define HAVE_STRUCT_STATVFS_F_NAMEMAX 1
| #define HAVE_STRUCT_STATFS_F_NAMELEN 1
| /* end confdefs.h.  */
| #include <stdio.h>
| #ifdef HAVE_SYS_TYPES_H
| # include <sys/types.h>
| #endif
| #ifdef HAVE_SYS_STAT_H
| # include <sys/stat.h>
| #endif
| #ifdef STDC_HEADERS
| # include <stdlib.h>
| # include <stddef.h>
| #else
| # ifdef HAVE_STDLIB_H
| #  include <stdlib.h>
| # endif
| #endif
| #ifdef HAVE_STRING_H
| # if !defined STDC_HEADERS && defined HAVE_MEMORY_H
| #  include <memory.h>
| # endif
| # include <string.h>
| #endif
| #ifdef HAVE_STRINGS_H
| # include <strings.h>
| #endif
| #ifdef HAVE_INTTYPES_H
| # include <inttypes.h>
| #endif
| #ifdef HAVE_STDINT_H
| # include <stdint.h>
| #endif
| #ifdef HAVE_UNISTD_H
| # include <unistd.h>
| #endif
| #if HAVE_SYS_STATVFS_H
| # include <sys/statvfs.h>
| #endif
| #if HAVE_SYS_VFS_H
| # include <sys/vfs.h>
| #endif
| #if !HAVE_SYS_STATVFS_H && !HAVE_SYS_VFS_H
| # if HAVE_SYS_MOUNT_H && HAVE_SYS_PARAM_H
| /* NetBSD 1.5.2 needs these, for the declaration of struct statfs. */
| #  include <sys/param.h>
| #  include <sys/mount.h>
| # elif HAVE_NETINET_IN_H && HAVE_NFS_NFS_CLNT_H && HAVE_NFS_VFS_H
| /* Ultrix 4.4 needs these for the declaration of struct statfs.  */
| #  include <netinet/in.h>
| #  include <nfs/nfs_clnt.h>
| #  include <nfs/vfs.h>
| # endif
| #endif
| 
| 
| int
| main ()
| {
| static struct statvfs ac_aggr;
| if (ac_aggr.f_namelen)
| return 0;
|   ;
|   return 0;
| }
configure:7700: gcc -c -g -O2 -w -Wall -Wextra      -I/usr/include/p11-kit-1   -D_REENTRANT  conftest.c >&5
conftest.c: In function 'main':
conftest.c:102:20: error: 'struct statvfs' has no member named 'f_namelen'; did you mean 'f_namemax'?
  102 | if (sizeof ac_aggr.f_namelen)
      |                    ^~~~~~~~~
      |                    f_namemax
configure:7700: $? = 1
configure: failed program was:
| /* confdefs.h */
| #define PACKAGE_NAME "tprdp"
| #define PACKAGE_TARNAME "tprdp"
| #define PACKAGE_VERSION "1.0.0-beta"
| #define PACKAGE_STRING "tprdp 1.0.0-beta"
| #define PACKAGE_BUGREPORT ""
| #define PACKAGE_URL ""
| #define STDC_HEADERS 1
| #define HAVE_SYS_TYPES_H 1
| #define HAVE_SYS_STAT_H 1
| #define HAVE_STDLIB_H 1
| #define HAVE_STRING_H 1
| #define HAVE_MEMORY_H 1
| #define HAVE_STRINGS_H 1
| #define HAVE_INTTYPES_H 1
| #define HAVE_STDINT_H 1
| #define HAVE_UNISTD_H 1
| #define L_ENDIAN 1
| #define HAVE_SYS_SELECT_H 1
| #define HAVE_LOCALE_H 1
| #define HAVE_LANGINFO_H 1
| #define HAVE_SYSEXITS_H 1
| #define HAVE_XRANDR 1
| #define HAVE_XCURSOR 1
| #define EGD_SOCKET "/var/run/egd-pool"
| #define WITH_RDPSND 1
| #define RDPSND_OSS 1
| #define RDPSND_ALSA 1
| #define RDPSND_PULSE 1
| #define HAVE_DIRENT_H 1
| #define HAVE_DIRFD 1
| #define HAVE_DECL_DIRFD 1
| #define HAVE_ICONV_H 1
| #define HAVE_ICONV 1
| #define ICONV_CONST 
| #define HAVE_SYS_VFS_H 1
| #define HAVE_SYS_STATVFS_H 1
| #define HAVE_SYS_STATFS_H 1
| #define HAVE_SYS_PARAM_H 1
| #define HAVE_SYS_MOUNT_H 1
| #define STAT_STATVFS 1
| #define HAVE_STRUCT_STATVFS_F_NAMEMAX 1
| #define HAVE_STRUCT_STATFS_F_NAMELEN 1
| /* end confdefs.h.  */
| #include <stdio.h>
| #ifdef HAVE_SYS_TYPES_H
| # include <sys/types.h>
| #endif
| #ifdef HAVE_SYS_STAT_H
| # include <sys/stat.h>
| #endif
| #ifdef STDC_HEADERS
| # include <stdlib.h>
| # include <stddef.h>
| #else
| # ifdef HAVE_STDLIB_H
| #  include <stdlib.h>
| # endif
| #endif
| #ifdef HAVE_STRING_H
| # if !defined STDC_HEADERS && defined HAVE_MEMORY_H
| #  include <memory.h>
| # endif
| # include <string.h>
| #endif
| #ifdef HAVE_STRINGS_H
| # include <strings.h>
| #endif
| #ifdef HAVE_INTTYPES_H
| # include <inttypes.h>
| #endif
| #ifdef HAVE_STDINT_H
| # include <stdint.h>
| #endif
| #ifdef HAVE_UNISTD_H
| # include <unistd.h>
| #endif
| #if HAVE_SYS_STATVFS_H
| # include <sys/statvfs.h>
| #endif
| #if HAVE_SYS_VFS_H
| # include <sys/vfs.h>
| #endif
| #if !HAVE_SYS_STATVFS_H && !HAVE_SYS_VFS_H
| # if HAVE_SYS_MOUNT_H && HAVE_SYS_PARAM_H
| /* NetBSD 1.5.2 needs these, for the declaration of struct statfs. */
| #  include <sys/param.h>
| #  include <sys/mount.h>
| # elif HAVE_NETINET_IN_H && HAVE_NFS_NFS_CLNT_H && HAVE_NFS_VFS_H
| /* Ultrix 4.4 needs these for the declaration of struct statfs.  */
| #  include <netinet/in.h>
| #  include <nfs/nfs_clnt.h>
| #  include <nfs/vfs.h>
| # endif
| #endif
| 
| 
| int
| main ()
| {
| static struct statvfs ac_aggr;
| if (sizeof ac_aggr.f_namelen)
| return 0;
|   ;
|   return 0;
| }
configure:7700: result: no
configure:7722: checking for special C compiler options needed for large files
configure:7767: result: no
configure:7773: checking for _FILE_OFFSET_BITS value needed for large files
configure:7798: gcc -c -g -O2 -w -Wall -Wextra      -I/usr/include/p11-kit-1   -D_REENTRANT  conftest.c >&5
configure:7798: $? = 0
configure:7830: result: no
configure:7919: checking mntent.h usability
configure:7919: gcc -c -g -O2 -w -Wall -Wextra      -I/usr/include/p11-kit-1   -D_REENTRANT  conftest.c >&5
configure:7919: $? = 0
configure:7919: result: yes
configure:7919: checking mntent.h presence
configure:7919: gcc -E  conftest.c
configure:7919: $? = 0
configure:7919: result: yes
configure:7919: checking for mntent.h
configure:7919: result: yes
configure:7928: checking for setmntent
configure:7928: gcc -o conftest -g -O2 -w -Wall -Wextra      -I/usr/include/p11-kit-1   -D_REENTRANT   conftest.c -lgmp  -lXrandr -lXcursor -ltasn1 -lnettle -lhogweed -lgnutls  -lasound -lpulse  >&5
configure:7928: $? = 0
configure:7928: result: yes
configure:8112: creating ./config.status

## ---------------------- ##
## Running config.status. ##
## ---------------------- ##

This file was extended by tprdp config.status 1.0.0-beta, which was
generated by GNU Autoconf 2.69.  Invocation command line was

  CONFIG_FILES    = 
  CONFIG_HEADERS  = 
  CONFIG_LINKS    = 
  CONFIG_COMMANDS = 
  $ ./config.status 

on Frosty

config.status:775: creating Makefile

## ---------------- ##
## Cache variables. ##
## ---------------- ##

ac_cv_build=x86_64-pc-linux-gnu
ac_cv_c_bigendian=no
ac_cv_c_compiler_gnu=yes
ac_cv_env_ALSA_CFLAGS_set=
ac_cv_env_ALSA_CFLAGS_value=
ac_cv_env_ALSA_LIBS_set=
ac_cv_env_ALSA_LIBS_value=
ac_cv_env_CC_set=
ac_cv_env_CC_value=
ac_cv_env_CFLAGS_set=
ac_cv_env_CFLAGS_value=
ac_cv_env_CPPFLAGS_set=
ac_cv_env_CPPFLAGS_value=
ac_cv_env_CPP_set=
ac_cv_env_CPP_value=
ac_cv_env_GNUTLS_CFLAGS_set=
ac_cv_env_GNUTLS_CFLAGS_value=
ac_cv_env_GNUTLS_LIBS_set=
ac_cv_env_GNUTLS_LIBS_value=
ac_cv_env_GSSAPI_CFLAGS_set=
ac_cv_env_GSSAPI_CFLAGS_value=
ac_cv_env_GSSAPI_LIBS_set=
ac_cv_env_GSSAPI_LIBS_value=
ac_cv_env_HOGWEED_CFLAGS_set=
ac_cv_env_HOGWEED_CFLAGS_value=
ac_cv_env_HOGWEED_LIBS_set=
ac_cv_env_HOGWEED_LIBS_value=
ac_cv_env_LDFLAGS_set=
ac_cv_env_LDFLAGS_value=
ac_cv_env_LIBAO_CFLAGS_set=
ac_cv_env_LIBAO_CFLAGS_value=
ac_cv_env_LIBAO_LIBS_set=
ac_cv_env_LIBAO_LIBS_value=
ac_cv_env_LIBSAMPLERATE_CFLAGS_set=
ac_cv_env_LIBSAMPLERATE_CFLAGS_value=
ac_cv_env_LIBSAMPLERATE_LIBS_set=
ac_cv_env_LIBSAMPLERATE_LIBS_value=
ac_cv_env_LIBS_set=
ac_cv_env_LIBS_value=
ac_cv_env_LIBTASN1_CFLAGS_set=
ac_cv_env_LIBTASN1_CFLAGS_value=
ac_cv_env_LIBTASN1_LIBS_set=
ac_cv_env_LIBTASN1_LIBS_value=
ac_cv_env_NETTLE_CFLAGS_set=
ac_cv_env_NETTLE_CFLAGS_value=
ac_cv_env_NETTLE_LIBS_set=
ac_cv_env_NETTLE_LIBS_value=
ac_cv_env_PCSCLITE_CFLAGS_set=
ac_cv_env_PCSCLITE_CFLAGS_value=
ac_cv_env_PCSCLITE_LIBS_set=
ac_cv_env_PCSCLITE_LIBS_value=
ac_cv_env_PKG_CONFIG_LIBDIR_set=
ac_cv_env_PKG_CONFIG_LIBDIR_value=
ac_cv_env_PKG_CONFIG_PATH_set=
ac_cv_env_PKG_CONFIG_PATH_value=
ac_cv_env_PKG_CONFIG_set=
ac_cv_env_PKG_CONFIG_value=
ac_cv_env_PNP_NOTIFICATIONS_CFLAGS_set=
ac_cv_env_PNP_NOTIFICATIONS_CFLAGS_value=
ac_cv_env_PNP_NOTIFICATIONS_LIBS_set=
ac_cv_env_PNP_NOTIFICATIONS_LIBS_value=
ac_cv_env_PULSE_CFLAGS_set=
ac_cv_env_PULSE_CFLAGS_value=
ac_cv_env_PULSE_LIBS_set=
ac_cv_env_PULSE_LIBS_value=
ac_cv_env_XCURSOR_CFLAGS_set=
ac_cv_env_XCURSOR_CFLAGS_value=
ac_cv_env_XCURSOR_LIBS_set=
ac_cv_env_XCURSOR_LIBS_value=
ac_cv_env_XMKMF_set=
ac_cv_env_XMKMF_value=
ac_cv_env_XRANDR_CFLAGS_set=
ac_cv_env_XRANDR_CFLAGS_value=
ac_cv_env_XRANDR_LIBS_set=
ac_cv_env_XRANDR_LIBS_value=
ac_cv_env_build_alias_set=
ac_cv_env_build_alias_value=
ac_cv_env_host_alias_set=
ac_cv_env_host_alias_value=
ac_cv_env_target_alias_set=
ac_cv_env_target_alias_value=
ac_cv_func_connect=yes
ac_cv_func_dirfd=yes
ac_cv_func_gethostbyname=yes
ac_cv_func_remove=yes
ac_cv_func_setmntent=yes
ac_cv_func_shmat=yes
ac_cv_have_decl_dirfd=yes
ac_cv_have_x='have_x=yes	ac_x_includes='\'''\''	ac_x_libraries='\'''\'''
ac_cv_header_dirent_dirent_h=yes
ac_cv_header_dmedia_audio_h=no
ac_cv_header_iconv_h=yes
ac_cv_header_inttypes_h=yes
ac_cv_header_langinfo_h=yes
ac_cv_header_locale_h=yes
ac_cv_header_memory_h=yes
ac_cv_header_mntent_h=yes
ac_cv_header_stdc=yes
ac_cv_header_stdint_h=yes
ac_cv_header_stdlib_h=yes
ac_cv_header_string_h=yes
ac_cv_header_strings_h=yes
ac_cv_header_sys_audioio_h=no
ac_cv_header_sys_filio_h=no
ac_cv_header_sys_modem_h=no
ac_cv_header_sys_mount_h=yes
ac_cv_header_sys_param_h=yes
ac_cv_header_sys_select_h=yes
ac_cv_header_sys_soundcard_h=yes
ac_cv_header_sys_stat_h=yes
ac_cv_header_sys_statfs_h=yes
ac_cv_header_sys_statvfs_h=yes
ac_cv_header_sys_strtio_h=no
ac_cv_header_sys_types_h=yes
ac_cv_header_sys_vfs_h=yes
ac_cv_header_sysexits_h=yes
ac_cv_header_unistd_h=yes
ac_cv_host=x86_64-pc-linux-gnu
ac_cv_lib_ICE_IceConnectionNumber=yes
ac_cv_member_struct_statfs_f_namelen=yes
ac_cv_member_struct_statfs_f_namemax=no
ac_cv_member_struct_statvfs_f_namelen=no
ac_cv_member_struct_statvfs_f_namemax=yes
ac_cv_objext=o
ac_cv_path_EGREP='/usr/bin/grep -E'
ac_cv_path_GREP=/usr/bin/grep
ac_cv_path_ac_pt_PKG_CONFIG=/usr/bin/pkg-config
ac_cv_path_install='/usr/bin/install -c'
ac_cv_prog_CPP='gcc -E'
ac_cv_prog_ac_ct_CC=gcc
ac_cv_prog_ac_ct_STRIP=strip
ac_cv_prog_cc_c89=
ac_cv_prog_cc_g=yes
ac_cv_search___gmpz_init=-lgmp
ac_cv_search_inet_aton='none required'
ac_cv_search_opendir='none required'
ac_cv_search_socket='none required'
ac_cv_sys_file_offset_bits=no
ac_cv_sys_largefile_CC=no
ac_cv_type_socklen_t=yes
am_cv_func_iconv=yes
am_cv_lib_iconv=no
am_cv_proto_iconv='extern size_t iconv (iconv_t cd, char * *inbuf, size_t *inbytesleft, char * *outbuf, size_t *outbytesleft);'
am_cv_proto_iconv_arg1=
fu_cv_sys_stat_statvfs64=no
fu_cv_sys_stat_statvfs=yes
jm_cv_func_dirfd_macro=no
pkg_cv_ALSA_CFLAGS=
pkg_cv_ALSA_LIBS=-lasound
pkg_cv_GNUTLS_CFLAGS=-I/usr/include/p11-kit-1
pkg_cv_GNUTLS_LIBS=-lgnutls
pkg_cv_HOGWEED_CFLAGS=
pkg_cv_HOGWEED_LIBS=-lhogweed
pkg_cv_LIBTASN1_CFLAGS=
pkg_cv_LIBTASN1_LIBS=-ltasn1
pkg_cv_NETTLE_CFLAGS=
pkg_cv_NETTLE_LIBS=-lnettle
pkg_cv_PULSE_CFLAGS=-D_REENTRANT
pkg_cv_PULSE_LIBS=-lpulse
pkg_cv_XCURSOR_CFLAGS=
pkg_cv_XCURSOR_LIBS=-lXcursor
pkg_cv_XRANDR_CFLAGS=
pkg_cv_XRANDR_LIBS=-lXrandr

## ----------------- ##
## Output variables. ##
## ----------------- ##

ALSA_CFLAGS=''
ALSA_LIBS='-lasound'
CC='gcc'
CFLAGS='-g -O2 -w -Wall -Wextra      -I/usr/include/p11-kit-1   -D_REENTRANT'
CPP='gcc -E'
CPPFLAGS=''
CREDSSPOBJ=''
DEFS='-DPACKAGE_NAME=\"tprdp\" -DPACKAGE_TARNAME=\"tprdp\" -DPACKAGE_VERSION=\"1.0.0-beta\" -DPACKAGE_STRING=\"tprdp\ 1.0.0-beta\" -DPACKAGE_BUGREPORT=\"\" -DPACKAGE_URL=\"\" -DSTDC_HEADERS=1 -DHAVE_SYS_TYPES_H=1 -DHAVE_SYS_STAT_H=1 -DHAVE_STDLIB_H=1 -DHAVE_STRING_H=1 -DHAVE_MEMORY_H=1 -DHAVE_STRINGS_H=1 -DHAVE_INTTYPES_H=1 -DHAVE_STDINT_H=1 -DHAVE_UNISTD_H=1 -DL_ENDIAN=1 -DHAVE_SYS_SELECT_H=1 -DHAVE_LOCALE_H=1 -DHAVE_LANGINFO_H=1 -DHAVE_SYSEXITS_H=1 -DHAVE_XRANDR=1 -DHAVE_XCURSOR=1 -DEGD_SOCKET=\"/var/run/egd-pool\" -DWITH_RDPSND=1 -DRDPSND_OSS=1 -DRDPSND_ALSA=1 -DRDPSND_PULSE=1 -DHAVE_DIRENT_H=1 -DHAVE_DIRFD=1 -DHAVE_DECL_DIRFD=1 -DHAVE_ICONV_H=1 -DHAVE_ICONV=1 -DICONV_CONST= -DHAVE_SYS_VFS_H=1 -DHAVE_SYS_STATVFS_H=1 -DHAVE_SYS_STATFS_H=1 -DHAVE_SYS_PARAM_H=1 -DHAVE_SYS_MOUNT_H=1 -DSTAT_STATVFS=1 -DHAVE_STRUCT_STATVFS_F_NAMEMAX=1 -DHAVE_STRUCT_STATFS_F_NAMELEN=1 -DHAVE_MNTENT_H=1 -DHAVE_SETMNTENT=1'
ECHO_C=''
ECHO_N='-n'
ECHO_T=''
EGREP='/usr/bin/grep -E'
EXEEXT=''
GNUTLS_CFLAGS='-I/usr/include/p11-kit-1'
GNUTLS_LIBS='-lgnutls'
GREP='/usr/bin/grep'
GSSAPI_CFLAGS=''
GSSAPI_LIBS=''
HOGWEED_CFLAGS=''
HOGWEED_LIBS='-lhogweed'
INSTALL_DATA='${INSTALL} -m 644'
INSTALL_PROGRAM='${INSTALL}'
INSTALL_SCRIPT='${INSTALL}'
LDFLAGS=''
LIBAO_CFLAGS=''
LIBAO_LIBS=''
LIBICONV=''
LIBOBJS=''
LIBS='-lgmp  -lXrandr -lXcursor -ltasn1 -lnettle -lhogweed -lgnutls  -lasound -lpulse '
LIBSAMPLERATE_CFLAGS=''
LIBSAMPLERATE_LIBS=''
LIBTASN1_CFLAGS=''
LIBTASN1_LIBS='-ltasn1'
LTLIBOBJS=''
NETTLE_CFLAGS=''
NETTLE_LIBS='-lnettle'
OBJEXT='o'
PACKAGE_BUGREPORT=''
PACKAGE_NAME='tprdp'
PACKAGE_STRING='tprdp 1.0.0-beta'
PACKAGE_TARNAME='tprdp'
PACKAGE_URL=''
PACKAGE_VERSION='1.0.0-beta'
PATH_SEPARATOR=':'
PCSCLITE_CFLAGS=''
PCSCLITE_LIBS=''
PKG_CONFIG='/usr/bin/pkg-config'
PKG_CONFIG_LIBDIR=''
PKG_CONFIG_PATH=''
PNP_NOTIFICATIONS_CFLAGS=''
PNP_NOTIFICATIONS_LIBS=''
PULSE_CFLAGS='-D_REENTRANT'
PULSE_LIBS='-lpulse'
SCARDOBJ=''
SHELL='/bin/bash'
SOUNDOBJ=' ./sound/rdpsnd.o ./sound/rdpsnd_dsp.o ./sound/rdpsnd_oss.o ./sound/rdpsnd_alsa.o ./sound/rdpsnd_pulse.o'
STRIP='strip'
XCURSOR_CFLAGS=''
XCURSOR_LIBS='-lXcursor'
XMKMF=''
XRANDR_CFLAGS=''
XRANDR_LIBS='-lXrandr'
X_CFLAGS=''
X_EXTRA_LIBS=''
X_LIBS=''
X_PRE_LIBS=' -lSM -lICE'
ac_ct_CC='gcc'
bindir='${exec_prefix}/bin'
build='x86_64-pc-linux-gnu'
build_alias=''
build_cpu='x86_64'
build_os='linux-gnu'
build_vendor='pc'
datadir='${datarootdir}'
datarootdir='${prefix}/share'
docdir='${datarootdir}/doc/${PACKAGE_TARNAME}'
dvidir='${docdir}'
exec_prefix='${prefix}'
host='x86_64-pc-linux-gnu'
host_alias=''
host_cpu='x86_64'
host_os='linux-gnu'
host_vendor='pc'
htmldir='${docdir}'
includedir='${prefix}/include'
infodir='${datarootdir}/info'
libdir='${exec_prefix}/lib'
libexecdir='${exec_prefix}/libexec'
localedir='${datarootdir}/locale'
localstatedir='${prefix}/var'
mandir='${datarootdir}/man'
oldincludedir='/usr/include'
pdfdir='${docdir}'
prefix='/usr/local'
program_transform_name='s,x,x,'
psdir='${docdir}'
runstatedir='${localstatedir}/run'
sbindir='${exec_prefix}/sbin'
sharedstatedir='${prefix}/com'
sysconfdir='${prefix}/etc'
target_alias=''

## ----------- ##
## confdefs.h. ##
## ----------- ##

/* confdefs.h */
#define PACKAGE_NAME "tprdp"
#define PACKAGE_TARNAME "tprdp"
#define PACKAGE_VERSION "1.0.0-beta"
#define PACKAGE_STRING "tprdp 1.0.0-beta"
#define PACKAGE_BUGREPORT ""
#define PACKAGE_URL ""
#define STDC_HEADERS 1
#define HAVE_SYS_TYPES_H 1
#define HAVE_SYS_STAT_H 1
#define HAVE_STDLIB_H 1
#define HAVE_STRING_H 1
#define HAVE_MEMORY_H 1
#define HAVE_STRINGS_H 1
#define HAVE_INTTYPES_H 1
#define HAVE_STDINT_H 1
#define HAVE_UNISTD_H 1
#define L_ENDIAN 1
#define HAVE_SYS_SELECT_H 1
#define HAVE_LOCALE_H 1
#define HAVE_LANGINFO_H 1
#define HAVE_SYSEXITS_H 1
#define HAVE_XRANDR 1
#define HAVE_XCURSOR 1
#define EGD_SOCKET "/var/run/egd-pool"
#define WITH_RDPSND 1
#define RDPSND_OSS 1
#define RDPSND_ALSA 1
#define RDPSND_PULSE 1
#define HAVE_DIRENT_H 1
#define HAVE_DIRFD 1
#define HAVE_DECL_DIRFD 1
#define HAVE_ICONV_H 1
#define HAVE_ICONV 1
#define ICONV_CONST 
#define HAVE_SYS_VFS_H 1
#define HAVE_SYS_STATVFS_H 1
#define HAVE_SYS_STATFS_H 1
#define HAVE_SYS_PARAM_H 1
#define HAVE_SYS_MOUNT_H 1
#define STAT_STATVFS 1
#define HAVE_STRUCT_STATVFS_F_NAMEMAX 1
#define HAVE_STRUCT_STATFS_F_NAMELEN 1
#define HAVE_MNTENT_H 1
#define HAVE_SETMNTENT 1

configure: exit 0
